main(INFO): Logger initialized!
main(INFO): Client Launcher started!
main(INFO): Core Version: 0.3.0-alpha
main(INFO): Args: []
main(DEBUG): PreInit Start
main(DEBUG): Loading settings...
main(DEBUG): PreInit End
Client(INFO): Game Client created!
Client(DEBUG): Init
Client(INFO): Loading help info!
Client(DEBUG): Init End
Client(DEBUG): Initialized Input Processor
Client(INFO): Applying settings!
Client(INFO): Assets registered: 107
Client(INFO): Resize: (900, 700)
Client(DEBUG): Resize UI!
Client(DEBUG): Loading asset: BitmapFont(fonts/small)
Main Menu Server(INFO): Starting local server!
Client(DEBUG): Loading asset: TextureAtlas
Client(DEBUG): Loading asset: BaseComponent(power)
Main Menu Server(WARN): Null base component while generating??
Main Menu Server(WARN): Null base component while generating??
Client(DEBUG): Loading asset: BaseComponent(artillery)
Client(DEBUG): Loading asset: BaseComponent(drones)
Main Menu Server(WARN): Null base component while generating??
Main Menu Server(WARN): Null base component while generating??
Client(DEBUG): Loading asset: BaseComponent(misc)
Client(DEBUG): Loading asset: Texture(blocks/groups/defense)
Client(DEBUG): Loading asset: Texture(blocks/groups/misc)
Client(DEBUG): Loading asset: Texture(blocks/groups/transport)
Client(DEBUG): Loading asset: Texture(blocks/groups/power)
Client(DEBUG): Loading asset: Texture(blocks/groups/gates)
Client(DEBUG): Loading asset: ShaderProgram(border)
Client(DEBUG): Loading asset: Texture(blocks/break/stage)
Client(DEBUG): Loading asset: ParticleEffect(particle effects/engine_flame)
Client(DEBUG): Loading asset: Texture(entities/robot_on)
Client(DEBUG): Loading asset: Texture(entities/robot_off)
Client(DEBUG): Loading asset: ParticleEffect(particle effects/sparks)
Client(DEBUG): Loading asset: ParticleEffect(particle effects/laser_center)
Client(DEBUG): Loading asset: Texture(entities/attack_drone_off)
Client(DEBUG): Loading asset: Texture(entities/attack_drone_on)
Client(DEBUG): Loading asset: Texture(entities/bullet)
Client(DEBUG): Loading asset: Texture(entities/repair_drone_off)
Client(DEBUG): Loading asset: Texture(entities/repair_drone_on)
Client(DEBUG): Loading asset: Texture(blocks/unloader)
Client(DEBUG): Loading asset: Texture(blocks/sorter)
Client(DEBUG): Loading asset: Texture(blocks/spawn_pad)
Client(DEBUG): Loading asset: Texture(blocks/item_duct_wall_center)
Client(DEBUG): Loading asset: Texture(blocks/item_duct_roof_center)
Client(DEBUG): Loading asset: Texture(blocks/item_duct_wall_top)
Client(DEBUG): Loading asset: Texture(blocks/item_duct_roof_top)
Client(DEBUG): Loading asset: Texture(blocks/item_duct_wall_bottom)
Client(DEBUG): Loading asset: Texture(blocks/item_duct_roof_bottom)
Client(DEBUG): Loading asset: Texture(blocks/item_duct_wall_left)
Client(DEBUG): Loading asset: Texture(blocks/item_duct_roof_left)
Client(DEBUG): Loading asset: Texture(blocks/item_duct_wall_right)
Client(DEBUG): Loading asset: Texture(blocks/item_duct_roof_right)
Client(DEBUG): Loading asset: Texture(blocks/heal_pad)
Client(DEBUG): Loading asset: Texture(blocks/metal_former_base)
Client(DEBUG): Loading asset: Texture(blocks/metal_former_tanks)
Client(DEBUG): Loading asset: Texture(blocks/circuit_factory)
Client(DEBUG): Loading asset: Texture(blocks/battery)
Client(DEBUG): Loading asset: Texture(blocks/miner)
Client(DEBUG): Loading asset: Texture(blocks/coal_generator_on)
Client(DEBUG): Loading asset: Texture(blocks/coal_generator_off)
Client(DEBUG): Loading asset: Texture(blocks/laser_base)
Client(DEBUG): Loading asset: Texture(blocks/laser_top)
Client(DEBUG): Loading asset: Texture(blocks/test_block)
Client(DEBUG): Loading asset: Texture(blocks/beacon_base)
Client(DEBUG): Loading asset: Texture(blocks/beacon_top)
Client(DEBUG): Loading asset: Texture(blocks/relay)
Client(DEBUG): Loading asset: Texture(blocks/turret_base)
Client(DEBUG): Loading asset: Texture(blocks/turret_top)
Client(DEBUG): Loading asset: Texture(blocks/lamp_off)
Client(DEBUG): Loading asset: Texture(blocks/lamp_on)
Client(DEBUG): Loading asset: Texture(blocks/fluiduct_center)
Client(DEBUG): Loading asset: Texture(blocks/fluiduct_center_fluid)
Client(DEBUG): Loading asset: Texture(blocks/fluiduct_north)
Client(DEBUG): Loading asset: Texture(blocks/fluiduct_north_fluid)
Client(DEBUG): Loading asset: Texture(blocks/fluiduct_east)
Client(DEBUG): Loading asset: Texture(blocks/fluiduct_east_fluid)
Client(DEBUG): Loading asset: Texture(blocks/fluiduct_south)
Client(DEBUG): Loading asset: Texture(blocks/fluiduct_south_fluid)
Client(DEBUG): Loading asset: Texture(blocks/fluiduct_west)
Client(DEBUG): Loading asset: Texture(blocks/fluiduct_west_fluid)
Client(DEBUG): Loading asset: Texture(blocks/splitter)
Client(DEBUG): Loading asset: Texture(blocks/combiner)
Client(DEBUG): Loading asset: Texture(blocks/flow_gate)
Client(DEBUG): Loading asset: Texture(blocks/inventory_portal_base)
Client(DEBUG): Loading asset: Texture(blocks/inventory_portal_top)
Client(DEBUG): Loading asset: Texture(blocks/solar_panel)
Client(DEBUG): Loading asset: Texture(blocks/water_collector)
Client(DEBUG): Loading asset: Texture(blocks/wall)
Client(DEBUG): Loading asset: Texture(blocks/cross_gate)
Client(DEBUG): Loading asset: Texture(floors/rock)
Client(DEBUG): Loading asset: Texture(floors/sand)
Client(DEBUG): Loading asset: Texture(floors/rockySand)
Client(DEBUG): Loading asset: Texture(floors/grass)
Client(DEBUG): Loading asset: Texture(floors/dirt1)
Client(DEBUG): Loading asset: Texture(floors/dirt2)
Client(DEBUG): Loading asset: Texture(floors/iron)
Client(DEBUG): Loading asset: Texture(floors/coal)
Client(DEBUG): Loading asset: Texture(floors/sand2)
Client(DEBUG): Loading asset: Texture(floors/rockyDirt)
Client(DEBUG): Loading asset: Texture(items/rock)
Client(DEBUG): Loading asset: Texture(items/rock_tiny)
Client(DEBUG): Loading asset: Texture(items/sand)
Client(DEBUG): Loading asset: Texture(items/sand_tiny)
Client(DEBUG): Loading asset: Texture(items/circuit)
Client(DEBUG): Loading asset: Texture(items/circuit_tiny)
Client(DEBUG): Loading asset: Texture(items/iron)
Client(DEBUG): Loading asset: Texture(items/iron_tiny)
Client(DEBUG): Loading asset: Texture(items/coal)
Client(DEBUG): Loading asset: Texture(items/coal_tiny)
Client(DEBUG): Loading asset: Texture(items/bullet_iron)
Client(DEBUG): Loading asset: Texture(items/bullet_iron_tiny)
Client(DEBUG): Loading asset: NinePatch(ui/button)
Client(DEBUG): Loading asset: NinePatch(ui/buttonHover)
Client(DEBUG): Loading asset: NinePatch(ui/buttonSelected)
Client(DEBUG): Loading asset: NinePatch(ui/dialog)
Client(DEBUG): Loading asset: NinePatch(ui/textField)
Client(DEBUG): Loading asset: NinePatch(ui/teamBanner)
Client(DEBUG): Loading asset: BitmapFont(fonts/large)
Client(DEBUG): Loading asset: BitmapFont(fonts/title)
Client(DEBUG): Loading asset: Texture(ui/iconButton)
Client(DEBUG): Loading asset: Texture(ui/iconButtonHover)
Client(DEBUG): Loading asset: Texture(blocks/item_duct_arrow)
Client(DEBUG): Loading asset: Texture(ui/infoIcon)
Client(INFO): Finished loading assets!
Main Menu Server(INFO): Successfully generated the world!
Main Menu Server(INFO): World loaded, connecting client
Main Menu Server(DEBUG): New client: 0
Main Menu Server(DEBUG): New Entity: ID=1 Type=com.noahcharlton.robogeddon.entity.RobotEntity
Client(DEBUG): New Entity: ID=1 Type=com.noahcharlton.robogeddon.entity.RobotEntity$RobotEntityType
Client(DEBUG): New Entity: ID=1 Type=com.noahcharlton.robogeddon.entity.RobotEntity$RobotEntityType
Client(WARN): Entity already registered with id: 1
Main Menu Server(DEBUG): Sending world to new client!
Main Menu Server(INFO): Running server with Main Menu Local Server
Main Menu Server(INFO): [CHAT]: Unlocked Block Inventory Portal
Client(DEBUG): Player now controlling robot 1
Client(INFO): Game Client disposed!
